<?xml version="1.0" encoding="UTF-8"?>
<!-- Generated by org.testng.reporters.JUnitXMLReporter -->
<testsuite ignored="0" hostname="LAPTOP-9EGM5KN8" failures="1" tests="4" name="OpenCart Tests" time="43.641" errors="0" timestamp="2021-11-28T23:11:01 EST">
  <testcase classname="testCases.TC_003_LoginDDT" name="test_LoginDDT" time="6.167"/>
  <testcase classname="testCases.TC_003_LoginDDT" name="test_LoginDDT" time="12.612"/>
  <testcase classname="testCases.TC_003_LoginDDT" name="test_LoginDDT" time="12.847"/>
  <testcase classname="testCases.TC_003_LoginDDT" name="test_LoginDDT" time="0.742">
    <failure type="java.lang.AssertionError" message="null">
      <![CDATA[java.lang.AssertionError: null
at testCases.TC_003_LoginDDT.test_LoginDDT(TC_003_LoginDDT.java:85)
at java.base/java.util.ArrayList.forEach(ArrayList.java:1511)
... Removed 29 stack frames]]>
    </failure>
  </testcase> <!-- test_LoginDDT -->
</testsuite> <!-- OpenCart Tests -->
